<?xml version="1.0" encoding="UTF-8"?>
<testng-results ignored="0" total="2" passed="2" failed="0" skipped="0">
  <reporter-output>
  </reporter-output>
  <suite started-at="2024-05-09T19:50:44 EDT" name="MasterSuite" finished-at="2024-05-09T19:51:01 EDT" duration-ms="17026">
    <groups>
      <group name="Master">
        <method signature="TC_001_AccountRegistrationTest.verify_account_registration()[pri:0, instance:testCases.TC_001_AccountRegistrationTest@906d29b]" name="verify_account_registration" class="testCases.TC_001_AccountRegistrationTest"/>
        <method signature="TC_002_LoginTest.verify_Account_Login()[pri:0, instance:testCases.TC_002_LoginTest@66fdec9]" name="verify_Account_Login" class="testCases.TC_002_LoginTest"/>
      </group> <!-- Master -->
      <group name="Sanity">
        <method signature="TC_002_LoginTest.verify_Account_Login()[pri:0, instance:testCases.TC_002_LoginTest@66fdec9]" name="verify_Account_Login" class="testCases.TC_002_LoginTest"/>
      </group> <!-- Sanity -->
      <group name="Regression">
        <method signature="TC_001_AccountRegistrationTest.verify_account_registration()[pri:0, instance:testCases.TC_001_AccountRegistrationTest@906d29b]" name="verify_account_registration" class="testCases.TC_001_AccountRegistrationTest"/>
      </group> <!-- Regression -->
    </groups>
    <test started-at="2024-05-09T19:50:44 EDT" name="Test" finished-at="2024-05-09T19:51:01 EDT" duration-ms="17026">
      <class name="testCases.TC_001_AccountRegistrationTest">
        <test-method is-config="true" signature="setup(java.lang.String,java.lang.String)[pri:0, instance:testCases.TC_001_AccountRegistrationTest@906d29b]" started-at="2024-05-09T19:50:44 EDT" name="setup" finished-at="2024-05-09T19:50:50 EDT" duration-ms="5125" status="PASS">
          <params>
            <param index="0">
              <value>
                <![CDATA[Windows]]>
              </value>
            </param>
            <param index="1">
              <value>
                <![CDATA[chrome]]>
              </value>
            </param>
          </params>
          <reporter-output>
          </reporter-output>
        </test-method> <!-- setup -->
        <test-method signature="verify_account_registration()[pri:0, instance:testCases.TC_001_AccountRegistrationTest@906d29b]" started-at="2024-05-09T19:50:50 EDT" name="verify_account_registration" finished-at="2024-05-09T19:50:54 EDT" duration-ms="4632" status="PASS">
          <reporter-output>
          </reporter-output>
        </test-method> <!-- verify_account_registration -->
        <test-method is-config="true" signature="tearDown()[pri:0, instance:testCases.TC_001_AccountRegistrationTest@906d29b]" started-at="2024-05-09T19:50:54 EDT" name="tearDown" finished-at="2024-05-09T19:50:55 EDT" duration-ms="304" status="PASS">
          <reporter-output>
          </reporter-output>
        </test-method> <!-- tearDown -->
      </class> <!-- testCases.TC_001_AccountRegistrationTest -->
      <class name="testCases.TC_002_LoginTest">
        <test-method is-config="true" signature="setup(java.lang.String,java.lang.String)[pri:0, instance:testCases.TC_002_LoginTest@66fdec9]" started-at="2024-05-09T19:50:55 EDT" name="setup" finished-at="2024-05-09T19:50:59 EDT" duration-ms="4904" status="PASS">
          <params>
            <param index="0">
              <value>
                <![CDATA[Windows]]>
              </value>
            </param>
            <param index="1">
              <value>
                <![CDATA[chrome]]>
              </value>
            </param>
          </params>
          <reporter-output>
          </reporter-output>
        </test-method> <!-- setup -->
        <test-method signature="verify_Account_Login()[pri:0, instance:testCases.TC_002_LoginTest@66fdec9]" started-at="2024-05-09T19:50:59 EDT" name="verify_Account_Login" finished-at="2024-05-09T19:51:01 EDT" duration-ms="1631" status="PASS">
          <reporter-output>
          </reporter-output>
        </test-method> <!-- verify_Account_Login -->
        <test-method is-config="true" signature="tearDown()[pri:0, instance:testCases.TC_002_LoginTest@66fdec9]" started-at="2024-05-09T19:51:01 EDT" name="tearDown" finished-at="2024-05-09T19:51:01 EDT" duration-ms="183" status="PASS">
          <reporter-output>
          </reporter-output>
        </test-method> <!-- tearDown -->
      </class> <!-- testCases.TC_002_LoginTest -->
    </test> <!-- Test -->
  </suite> <!-- MasterSuite -->
</testng-results>
